<?xml version="1.0" encoding="UTF-8"?>
<!-- Generated by org.testng.reporters.JUnitReportReporter -->
<testsuite skipped="0" hostname="LAPTOP-RT8ROG2F" name="testcases.EndToEndTests" tests="1" failures="0" timestamp="19 Jul 2023 06:53:28 GMT" time="1.347" errors="0">
  <testcase name="EndToEndTest" time="1.347" classname="testcases.EndToEndTests"/>
</testsuite> <!-- testcases.EndToEndTests -->
